\BOOKMARK [0][-]{chapter.1}{\376\377\0001\000\040\000H\000i\000e\000r\000a\000r\000c\000h\000i\000c\000a\000l\000\040\000I\000n\000d\000e\000x}{}% 1
\BOOKMARK [1][-]{section.1.1}{\376\377\0001\000.\0001\000\040\000C\000l\000a\000s\000s\000\040\000H\000i\000e\000r\000a\000r\000c\000h\000y}{chapter.1}% 2
\BOOKMARK [0][-]{chapter.2}{\376\377\0002\000\040\000C\000l\000a\000s\000s\000\040\000I\000n\000d\000e\000x}{}% 3
\BOOKMARK [1][-]{section.2.1}{\376\377\0002\000.\0001\000\040\000C\000l\000a\000s\000s\000\040\000L\000i\000s\000t}{chapter.2}% 4
\BOOKMARK [0][-]{chapter.3}{\376\377\0003\000\040\000C\000l\000a\000s\000s\000\040\000D\000o\000c\000u\000m\000e\000n\000t\000a\000t\000i\000o\000n}{}% 5
\BOOKMARK [1][-]{section.3.1}{\376\377\0003\000.\0001\000\040\000c\000o\000m\000.\000l\000a\000s\000a\000r\000o\000b\000o\000t\000i\000c\000s\000.\000l\000i\000b\000r\000a\000r\000y\000.\000d\000o\000o\000d\000l\000e\000.\000a\000c\000t\000i\000o\000n\000s\000.\000A\000c\000t\000i\000o\000n\000\040\000C\000l\000a\000s\000s\000\040\000R\000e\000f\000e\000r\000e\000n\000c\000e}{chapter.3}% 6
\BOOKMARK [2][-]{subsection.3.1.1}{\376\377\0003\000.\0001\000.\0001\000\040\000D\000e\000t\000a\000i\000l\000e\000d\000\040\000D\000e\000s\000c\000r\000i\000p\000t\000i\000o\000n}{section.3.1}% 7
\BOOKMARK [1][-]{section.3.2}{\376\377\0003\000.\0002\000\040\000c\000o\000m\000.\000l\000a\000s\000a\000r\000o\000b\000o\000t\000i\000c\000s\000.\000l\000i\000b\000r\000a\000r\000y\000.\000c\000o\000n\000t\000r\000o\000l\000l\000e\000r\000.\000B\000u\000t\000t\000o\000n\000S\000t\000a\000t\000e\000\040\000C\000l\000a\000s\000s\000\040\000R\000e\000f\000e\000r\000e\000n\000c\000e}{chapter.3}% 8
\BOOKMARK [2][-]{subsection.3.2.1}{\376\377\0003\000.\0002\000.\0001\000\040\000D\000e\000t\000a\000i\000l\000e\000d\000\040\000D\000e\000s\000c\000r\000i\000p\000t\000i\000o\000n}{section.3.2}% 9
\BOOKMARK [1][-]{section.3.3}{\376\377\0003\000.\0003\000\040\000c\000o\000m\000.\000l\000a\000s\000a\000r\000o\000b\000o\000t\000i\000c\000s\000.\000l\000i\000b\000r\000a\000r\000y\000.\000u\000t\000i\000l\000.\000C\000o\000n\000s\000t\000a\000n\000t\000s\000\040\000C\000l\000a\000s\000s\000\040\000R\000e\000f\000e\000r\000e\000n\000c\000e}{chapter.3}% 10
\BOOKMARK [2][-]{subsection.3.3.1}{\376\377\0003\000.\0003\000.\0001\000\040\000D\000e\000t\000a\000i\000l\000e\000d\000\040\000D\000e\000s\000c\000r\000i\000p\000t\000i\000o\000n}{section.3.3}% 11
\BOOKMARK [1][-]{section.3.4}{\376\377\0003\000.\0004\000\040\000c\000o\000m\000.\000l\000a\000s\000a\000r\000o\000b\000o\000t\000i\000c\000s\000.\000l\000i\000b\000r\000a\000r\000y\000.\000c\000o\000n\000t\000r\000o\000l\000l\000e\000r\000.\000C\000o\000n\000t\000r\000o\000l\000l\000e\000r\000\040\000C\000l\000a\000s\000s\000\040\000R\000e\000f\000e\000r\000e\000n\000c\000e}{chapter.3}% 12
\BOOKMARK [2][-]{subsection.3.4.1}{\376\377\0003\000.\0004\000.\0001\000\040\000D\000e\000t\000a\000i\000l\000e\000d\000\040\000D\000e\000s\000c\000r\000i\000p\000t\000i\000o\000n}{section.3.4}% 13
\BOOKMARK [1][-]{section.3.5}{\376\377\0003\000.\0005\000\040\000c\000o\000m\000.\000l\000a\000s\000a\000r\000o\000b\000o\000t\000i\000c\000s\000.\000l\000i\000b\000r\000a\000r\000y\000.\000u\000t\000i\000l\000.\000D\000i\000s\000t\000a\000n\000c\000e\000U\000n\000i\000t\000\040\000E\000n\000u\000m\000\040\000R\000e\000f\000e\000r\000e\000n\000c\000e}{chapter.3}% 14
\BOOKMARK [2][-]{subsection.3.5.1}{\376\377\0003\000.\0005\000.\0001\000\040\000D\000e\000t\000a\000i\000l\000e\000d\000\040\000D\000e\000s\000c\000r\000i\000p\000t\000i\000o\000n}{section.3.5}% 15
\BOOKMARK [1][-]{section.3.6}{\376\377\0003\000.\0006\000\040\000c\000o\000m\000.\000l\000a\000s\000a\000r\000o\000b\000o\000t\000i\000c\000s\000.\000l\000i\000b\000r\000a\000r\000y\000.\000d\000o\000o\000d\000l\000e\000.\000D\000o\000o\000d\000l\000e\000D\000o\000\040\000C\000l\000a\000s\000s\000\040\000R\000e\000f\000e\000r\000e\000n\000c\000e}{chapter.3}% 16
\BOOKMARK [2][-]{subsection.3.6.1}{\376\377\0003\000.\0006\000.\0001\000\040\000D\000e\000t\000a\000i\000l\000e\000d\000\040\000D\000e\000s\000c\000r\000i\000p\000t\000i\000o\000n}{section.3.6}% 17
\BOOKMARK [1][-]{section.3.7}{\376\377\0003\000.\0007\000\040\000c\000o\000m\000.\000l\000a\000s\000a\000r\000o\000b\000o\000t\000i\000c\000s\000.\000l\000i\000b\000r\000a\000r\000y\000.\000d\000o\000o\000d\000l\000e\000.\000D\000o\000o\000d\000l\000e\000M\000a\000p\000\040\000C\000l\000a\000s\000s\000\040\000R\000e\000f\000e\000r\000e\000n\000c\000e}{chapter.3}% 18
\BOOKMARK [2][-]{subsection.3.7.1}{\376\377\0003\000.\0007\000.\0001\000\040\000D\000e\000t\000a\000i\000l\000e\000d\000\040\000D\000e\000s\000c\000r\000i\000p\000t\000i\000o\000n}{section.3.7}% 19
\BOOKMARK [1][-]{section.3.8}{\376\377\0003\000.\0008\000\040\000c\000o\000m\000.\000l\000a\000s\000a\000r\000o\000b\000o\000t\000i\000c\000s\000.\000l\000i\000b\000r\000a\000r\000y\000.\000d\000o\000o\000d\000l\000e\000.\000m\000a\000p\000s\000.\000D\000o\000o\000d\000l\000e\000M\000a\000p\000\040\000C\000l\000a\000s\000s\000\040\000R\000e\000f\000e\000r\000e\000n\000c\000e}{chapter.3}% 20
\BOOKMARK [2][-]{subsection.3.8.1}{\376\377\0003\000.\0008\000.\0001\000\040\000D\000e\000t\000a\000i\000l\000e\000d\000\040\000D\000e\000s\000c\000r\000i\000p\000t\000i\000o\000n}{section.3.8}% 21
\BOOKMARK [1][-]{section.3.9}{\376\377\0003\000.\0009\000\040\000c\000o\000m\000.\000l\000a\000s\000a\000r\000o\000b\000o\000t\000i\000c\000s\000.\000l\000i\000b\000r\000a\000r\000y\000.\000d\000o\000o\000d\000l\000e\000.\000D\000o\000o\000d\000l\000e\000R\000u\000n\000D\000a\000t\000a\000\040\000C\000l\000a\000s\000s\000\040\000R\000e\000f\000e\000r\000e\000n\000c\000e}{chapter.3}% 22
\BOOKMARK [2][-]{subsection.3.9.1}{\376\377\0003\000.\0009\000.\0001\000\040\000D\000e\000t\000a\000i\000l\000e\000d\000\040\000D\000e\000s\000c\000r\000i\000p\000t\000i\000o\000n}{section.3.9}% 23
\BOOKMARK [1][-]{section.3.10}{\376\377\0003\000.\0001\0000\000\040\000c\000o\000m\000.\000l\000a\000s\000a\000r\000o\000b\000o\000t\000i\000c\000s\000.\000l\000i\000b\000r\000a\000r\000y\000.\000d\000o\000o\000d\000l\000e\000.\000D\000o\000o\000d\000l\000e\000W\000r\000i\000t\000e\000\040\000C\000l\000a\000s\000s\000\040\000R\000e\000f\000e\000r\000e\000n\000c\000e}{chapter.3}% 24
\BOOKMARK [2][-]{subsection.3.10.1}{\376\377\0003\000.\0001\0000\000.\0001\000\040\000D\000e\000t\000a\000i\000l\000e\000d\000\040\000D\000e\000s\000c\000r\000i\000p\000t\000i\000o\000n}{section.3.10}% 25
\BOOKMARK [1][-]{section.3.11}{\376\377\0003\000.\0001\0001\000\040\000c\000o\000m\000.\000l\000a\000s\000a\000r\000o\000b\000o\000t\000i\000c\000s\000.\000l\000i\000b\000r\000a\000r\000y\000.\000s\000e\000n\000s\000o\000r\000.\000l\000e\000g\000a\000c\000y\000.\000h\000i\000t\000e\000c\000h\000n\000i\000c\000.\000G\000y\000r\000o\000s\000c\000o\000p\000e\000\040\000C\000l\000a\000s\000s\000\040\000R\000e\000f\000e\000r\000e\000n\000c\000e}{chapter.3}% 26
\BOOKMARK [2][-]{subsection.3.11.1}{\376\377\0003\000.\0001\0001\000.\0001\000\040\000D\000e\000t\000a\000i\000l\000e\000d\000\040\000D\000e\000s\000c\000r\000i\000p\000t\000i\000o\000n}{section.3.11}% 27
\BOOKMARK [2][-]{subsection.3.11.2}{\376\377\0003\000.\0001\0001\000.\0002\000\040\000M\000e\000m\000b\000e\000r\000\040\000F\000u\000n\000c\000t\000i\000o\000n\000\040\000D\000o\000c\000u\000m\000e\000n\000t\000a\000t\000i\000o\000n}{section.3.11}% 28
\BOOKMARK [3][-]{subsubsection.3.11.2.1}{\376\377\0003\000.\0001\0001\000.\0002\000.\0001\000\040\000g\000e\000t\000H\000e\000a\000d\000i\000n\000g\000\050\000\051}{subsection.3.11.2}% 29
\BOOKMARK [3][-]{subsubsection.3.11.2.2}{\376\377\0003\000.\0001\0001\000.\0002\000.\0002\000\040\000g\000e\000t\000O\000f\000f\000s\000e\000t\000\050\000\051}{subsection.3.11.2}% 30
\BOOKMARK [3][-]{subsubsection.3.11.2.3}{\376\377\0003\000.\0001\0001\000.\0002\000.\0003\000\040\000g\000e\000t\000R\000a\000t\000e\000\050\000\051}{subsection.3.11.2}% 31
\BOOKMARK [3][-]{subsubsection.3.11.2.4}{\376\377\0003\000.\0001\0001\000.\0002\000.\0004\000\040\000g\000e\000t\000R\000o\000t\000a\000t\000i\000o\000n\000\050\000\051}{subsection.3.11.2}% 32
\BOOKMARK [3][-]{subsubsection.3.11.2.5}{\376\377\0003\000.\0001\0001\000.\0002\000.\0005\000\040\000g\000e\000t\000T\000i\000m\000e\000D\000i\000f\000f\000e\000r\000e\000n\000c\000e\000\050\000\051}{subsection.3.11.2}% 33
\BOOKMARK [3][-]{subsubsection.3.11.2.6}{\376\377\0003\000.\0001\0001\000.\0002\000.\0006\000\040\000n\000o\000r\000m\000a\000l\000i\000z\000e\000\050\000d\000o\000u\000b\000l\000e\000\040\000h\000e\000a\000d\000i\000n\000g\000\051}{subsection.3.11.2}% 34
\BOOKMARK [3][-]{subsubsection.3.11.2.7}{\376\377\0003\000.\0001\0001\000.\0002\000.\0007\000\040\000r\000e\000s\000e\000t\000\050\000\051}{subsection.3.11.2}% 35
\BOOKMARK [3][-]{subsubsection.3.11.2.8}{\376\377\0003\000.\0001\0001\000.\0002\000.\0008\000\040\000t\000o\000S\000t\000r\000i\000n\000g\000\050\000\051}{subsection.3.11.2}% 36
\BOOKMARK [1][-]{section.3.12}{\376\377\0003\000.\0001\0002\000\040\000c\000o\000m\000.\000l\000a\000s\000a\000r\000o\000b\000o\000t\000i\000c\000s\000.\000l\000i\000b\000r\000a\000r\000y\000.\000s\000e\000n\000s\000o\000r\000.\000g\000e\000n\000e\000r\000i\000c\000.\000I\000R\000\040\000C\000l\000a\000s\000s\000\040\000R\000e\000f\000e\000r\000e\000n\000c\000e}{chapter.3}% 37
\BOOKMARK [2][-]{subsection.3.12.1}{\376\377\0003\000.\0001\0002\000.\0001\000\040\000D\000e\000t\000a\000i\000l\000e\000d\000\040\000D\000e\000s\000c\000r\000i\000p\000t\000i\000o\000n}{section.3.12}% 38
\BOOKMARK [1][-]{section.3.13}{\376\377\0003\000.\0001\0003\000\040\000c\000o\000m\000.\000l\000a\000s\000a\000r\000o\000b\000o\000t\000i\000c\000s\000.\000l\000i\000b\000r\000a\000r\000y\000.\000s\000k\000y\000n\000e\000t\000.\000K\000a\000l\000m\000a\000n\000\040\000C\000l\000a\000s\000s\000\040\000R\000e\000f\000e\000r\000e\000n\000c\000e}{chapter.3}% 39
\BOOKMARK [2][-]{subsection.3.13.1}{\376\377\0003\000.\0001\0003\000.\0001\000\040\000D\000e\000t\000a\000i\000l\000e\000d\000\040\000D\000e\000s\000c\000r\000i\000p\000t\000i\000o\000n}{section.3.13}% 40
\BOOKMARK [1][-]{section.3.14}{\376\377\0003\000.\0001\0004\000\040\000c\000o\000m\000.\000l\000a\000s\000a\000r\000o\000b\000o\000t\000i\000c\000s\000.\000l\000i\000b\000r\000a\000r\000y\000.\000s\000e\000n\000s\000o\000r\000.\000g\000e\000n\000e\000r\000i\000c\000.\000L\000i\000D\000A\000R\000\040\000C\000l\000a\000s\000s\000\040\000R\000e\000f\000e\000r\000e\000n\000c\000e}{chapter.3}% 41
\BOOKMARK [2][-]{subsection.3.14.1}{\376\377\0003\000.\0001\0004\000.\0001\000\040\000D\000e\000t\000a\000i\000l\000e\000d\000\040\000D\000e\000s\000c\000r\000i\000p\000t\000i\000o\000n}{section.3.14}% 42
\BOOKMARK [1][-]{section.3.15}{\376\377\0003\000.\0001\0005\000\040\000c\000o\000m\000.\000l\000a\000s\000a\000r\000o\000b\000o\000t\000i\000c\000s\000.\000l\000i\000b\000r\000a\000r\000y\000.\000s\000e\000n\000s\000o\000r\000.\000a\000n\000d\000r\000o\000i\000d\000.\000L\000i\000n\000e\000a\000r\000A\000c\000c\000e\000l\000e\000r\000a\000t\000i\000o\000n\000\040\000C\000l\000a\000s\000s\000\040\000R\000e\000f\000e\000r\000e\000n\000c\000e}{chapter.3}% 43
\BOOKMARK [2][-]{subsection.3.15.1}{\376\377\0003\000.\0001\0005\000.\0001\000\040\000D\000e\000t\000a\000i\000l\000e\000d\000\040\000D\000e\000s\000c\000r\000i\000p\000t\000i\000o\000n}{section.3.15}% 44
\BOOKMARK [1][-]{section.3.16}{\376\377\0003\000.\0001\0006\000\040\000c\000o\000m\000.\000l\000a\000s\000a\000r\000o\000b\000o\000t\000i\000c\000s\000.\000l\000i\000b\000r\000a\000r\000y\000.\000u\000t\000i\000l\000.\000L\000o\000o\000k\000u\000p\000T\000a\000b\000l\000e\000<\000\040\000T\000\040\000>\000\040\000C\000l\000a\000s\000s\000\040\000T\000e\000m\000p\000l\000a\000t\000e\000\040\000R\000e\000f\000e\000r\000e\000n\000c\000e}{chapter.3}% 45
\BOOKMARK [2][-]{subsection.3.16.1}{\376\377\0003\000.\0001\0006\000.\0001\000\040\000D\000e\000t\000a\000i\000l\000e\000d\000\040\000D\000e\000s\000c\000r\000i\000p\000t\000i\000o\000n}{section.3.16}% 46
\BOOKMARK [2][-]{subsection.3.16.2}{\376\377\0003\000.\0001\0006\000.\0002\000\040\000C\000o\000n\000s\000t\000r\000u\000c\000t\000o\000r\000\040\000\046\000\040\000D\000e\000s\000t\000r\000u\000c\000t\000o\000r\000\040\000D\000o\000c\000u\000m\000e\000n\000t\000a\000t\000i\000o\000n}{section.3.16}% 47
\BOOKMARK [3][-]{subsubsection.3.16.2.1}{\376\377\0003\000.\0001\0006\000.\0002\000.\0001\000\040\000L\000o\000o\000k\000u\000p\000T\000a\000b\000l\000e\000\050\000\051}{subsection.3.16.2}% 48
\BOOKMARK [3][-]{subsubsection.3.16.2.2}{\376\377\0003\000.\0001\0006\000.\0002\000.\0002\000\040\000L\000o\000o\000k\000u\000p\000T\000a\000b\000l\000e\000\050\000H\000a\000s\000h\000t\000a\000b\000l\000e\000<\000\040\000S\000t\000r\000i\000n\000g\000,\000\040\000T\000\040\000>\000\040\000o\000t\000h\000e\000r\000\051}{subsection.3.16.2}% 49
\BOOKMARK [3][-]{subsubsection.3.16.2.3}{\376\377\0003\000.\0001\0006\000.\0002\000.\0003\000\040\000L\000o\000o\000k\000u\000p\000T\000a\000b\000l\000e\000\050\000L\000o\000o\000k\000u\000p\000T\000a\000b\000l\000e\000<\000\040\000T\000\040\000>\000\040\000o\000t\000h\000e\000r\000\051}{subsection.3.16.2}% 50
\BOOKMARK [2][-]{subsection.3.16.3}{\376\377\0003\000.\0001\0006\000.\0003\000\040\000M\000e\000m\000b\000e\000r\000\040\000F\000u\000n\000c\000t\000i\000o\000n\000\040\000D\000o\000c\000u\000m\000e\000n\000t\000a\000t\000i\000o\000n}{section.3.16}% 51
\BOOKMARK [3][-]{subsubsection.3.16.3.1}{\376\377\0003\000.\0001\0006\000.\0003\000.\0001\000\040\000c\000o\000u\000n\000t\000\050\000\051}{subsection.3.16.3}% 52
\BOOKMARK [3][-]{subsubsection.3.16.3.2}{\376\377\0003\000.\0001\0006\000.\0003\000.\0002\000\040\000d\000e\000l\000e\000t\000e\000V\000a\000l\000u\000e\000\050\000S\000t\000r\000i\000n\000g\000\040\000i\000d\000\051}{subsection.3.16.3}% 53
\BOOKMARK [3][-]{subsubsection.3.16.3.3}{\376\377\0003\000.\0001\0006\000.\0003\000.\0003\000\040\000g\000e\000t\000T\000a\000b\000l\000e\000\050\000\051}{subsection.3.16.3}% 54
\BOOKMARK [3][-]{subsubsection.3.16.3.4}{\376\377\0003\000.\0001\0006\000.\0003\000.\0004\000\040\000g\000e\000t\000V\000a\000l\000u\000e\000\050\000S\000t\000r\000i\000n\000g\000\040\000i\000d\000\051}{subsection.3.16.3}% 55
\BOOKMARK [3][-]{subsubsection.3.16.3.5}{\376\377\0003\000.\0001\0006\000.\0003\000.\0005\000\040\000s\000e\000t\000V\000a\000l\000u\000e\000\050\000S\000t\000r\000i\000n\000g\000\040\000i\000d\000,\000\040\000T\000\040\000v\000a\000l\000u\000e\000\051}{subsection.3.16.3}% 56
\BOOKMARK [1][-]{section.3.17}{\376\377\0003\000.\0001\0007\000\040\000c\000o\000m\000.\000l\000a\000s\000a\000r\000o\000b\000o\000t\000i\000c\000s\000.\000l\000i\000b\000r\000a\000r\000y\000.\000u\000t\000i\000l\000.\000M\000a\000t\000h\000U\000t\000i\000l\000\040\000C\000l\000a\000s\000s\000\040\000R\000e\000f\000e\000r\000e\000n\000c\000e}{chapter.3}% 57
\BOOKMARK [2][-]{subsection.3.17.1}{\376\377\0003\000.\0001\0007\000.\0001\000\040\000D\000e\000t\000a\000i\000l\000e\000d\000\040\000D\000e\000s\000c\000r\000i\000p\000t\000i\000o\000n}{section.3.17}% 58
\BOOKMARK [2][-]{subsection.3.17.2}{\376\377\0003\000.\0001\0007\000.\0002\000\040\000M\000e\000m\000b\000e\000r\000\040\000F\000u\000n\000c\000t\000i\000o\000n\000\040\000D\000o\000c\000u\000m\000e\000n\000t\000a\000t\000i\000o\000n}{section.3.17}% 59
\BOOKMARK [3][-]{subsubsection.3.17.2.1}{\376\377\0003\000.\0001\0007\000.\0002\000.\0001\000\040\000c\000o\000e\000r\000c\000e\000\050\000d\000o\000u\000b\000l\000e\000\040\000m\000i\000n\000,\000\040\000d\000o\000u\000b\000l\000e\000\040\000m\000a\000x\000,\000\040\000d\000o\000u\000b\000l\000e\000\040\000v\000a\000l\000u\000e\000\051}{subsection.3.17.2}% 60
\BOOKMARK [3][-]{subsubsection.3.17.2.2}{\376\377\0003\000.\0001\0007\000.\0002\000.\0002\000\040\000d\000e\000a\000d\000b\000a\000n\000d\000\050\000d\000o\000u\000b\000l\000e\000\040\000d\000e\000a\000d\000b\000a\000n\000d\000,\000\040\000d\000o\000u\000b\000l\000e\000\040\000v\000a\000l\000u\000e\000\051}{subsection.3.17.2}% 61
\BOOKMARK [3][-]{subsubsection.3.17.2.3}{\376\377\0003\000.\0001\0007\000.\0002\000.\0003\000\040\000e\000q\000u\000a\000l\000\050\000d\000o\000u\000b\000l\000e\000\040\000a\000,\000\040\000d\000o\000u\000b\000l\000e\000\040\000b\000\051}{subsection.3.17.2}% 62
\BOOKMARK [3][-]{subsubsection.3.17.2.4}{\376\377\0003\000.\0001\0007\000.\0002\000.\0004\000\040\000e\000q\000u\000a\000l\000\050\000d\000o\000u\000b\000l\000e\000\040\000a\000,\000\040\000d\000o\000u\000b\000l\000e\000\040\000b\000,\000\040\000d\000o\000u\000b\000l\000e\000\040\000d\000i\000s\000t\000a\000n\000c\000e\000\051}{subsection.3.17.2}% 63
\BOOKMARK [3][-]{subsubsection.3.17.2.5}{\376\377\0003\000.\0001\0007\000.\0002\000.\0005\000\040\000f\000i\000l\000t\000e\000r\000\050\000d\000o\000u\000b\000l\000e\000\040\000v\000a\000l\000u\000e\000,\000\040\000d\000o\000u\000b\000l\000e\000\040\000l\000a\000s\000t\000v\000a\000l\000u\000e\000,\000\040\000d\000o\000u\000b\000l\000e\000\040\000f\000a\000i\000l\000\051}{subsection.3.17.2}% 64
\BOOKMARK [3][-]{subsubsection.3.17.2.6}{\376\377\0003\000.\0001\0007\000.\0002\000.\0006\000\040\000i\000n\000B\000o\000u\000n\000d\000s\000\050\000d\000o\000u\000b\000l\000e\000\040\000m\000i\000n\000,\000\040\000d\000o\000u\000b\000l\000e\000\040\000m\000a\000x\000,\000\040\000d\000o\000u\000b\000l\000e\000\040\000v\000a\000l\000u\000e\000\051}{subsection.3.17.2}% 65
\BOOKMARK [1][-]{section.3.18}{\376\377\0003\000.\0001\0008\000\040\000c\000o\000m\000.\000l\000a\000s\000a\000r\000o\000b\000o\000t\000i\000c\000s\000.\000l\000i\000b\000r\000a\000r\000y\000.\000d\000r\000i\000v\000e\000.\000M\000e\000c\000a\000n\000u\000m\000\040\000C\000l\000a\000s\000s\000\040\000R\000e\000f\000e\000r\000e\000n\000c\000e}{chapter.3}% 66
\BOOKMARK [2][-]{subsection.3.18.1}{\376\377\0003\000.\0001\0008\000.\0001\000\040\000D\000e\000t\000a\000i\000l\000e\000d\000\040\000D\000e\000s\000c\000r\000i\000p\000t\000i\000o\000n}{section.3.18}% 67
\BOOKMARK [2][-]{subsection.3.18.2}{\376\377\0003\000.\0001\0008\000.\0002\000\040\000M\000e\000m\000b\000e\000r\000\040\000F\000u\000n\000c\000t\000i\000o\000n\000\040\000D\000o\000c\000u\000m\000e\000n\000t\000a\000t\000i\000o\000n}{section.3.18}% 68
\BOOKMARK [3][-]{subsubsection.3.18.2.1}{\376\377\0003\000.\0001\0008\000.\0002\000.\0001\000\040\000A\000r\000c\000a\000d\000e\000\050\000d\000o\000u\000b\000l\000e\000\040\000y\000,\000\040\000d\000o\000u\000b\000l\000e\000\040\000x\000,\000\040\000d\000o\000u\000b\000l\000e\000\040\000c\000,\000\040\000D\000c\000M\000o\000t\000o\000r\000\040\000l\000e\000f\000t\000F\000r\000o\000n\000t\000,\000\040\000D\000c\000M\000o\000t\000o\000r\000\040\000r\000i\000g\000h\000t\000F\000r\000o\000n\000t\000,\000\040\000D\000c\000M\000o\000t\000o\000r\000\040\000l\000e\000f\000t\000B\000a\000c\000k\000,\000\040\000D\000c\000M\000o\000t\000o\000r\000\040\000r\000i\000g\000h\000t\000B\000a\000c\000k\000\051}{subsection.3.18.2}% 69
\BOOKMARK [3][-]{subsubsection.3.18.2.2}{\376\377\0003\000.\0001\0008\000.\0002\000.\0002\000\040\000A\000r\000c\000a\000d\000e\000\137\000F\000i\000e\000l\000d\000O\000r\000i\000e\000n\000t\000e\000d\000\050\000d\000o\000u\000b\000l\000e\000\040\000y\000,\000\040\000d\000o\000u\000b\000l\000e\000\040\000x\000,\000\040\000d\000o\000u\000b\000l\000e\000\040\000c\000,\000\040\000d\000o\000u\000b\000l\000e\000\040\000g\000y\000r\000o\000h\000e\000a\000d\000i\000n\000g\000,\000\040\000D\000c\000M\000o\000t\000o\000r\000\040\000l\000e\000f\000t\000F\000r\000o\000n\000t\000,\000\040\000D\000c\000M\000o\000t\000o\000r\000\040\000r\000i\000g\000h\000t\000F\000r\000o\000n\000t\000,\000\040\000D\000c\000M\000o\000t\000o\000r\000\040\000l\000e\000f\000t\000B\000a\000c\000k\000,\000\040\000D\000c\000M\000o\000t\000o\000r\000\040\000r\000i\000g\000h\000t\000B\000a\000c\000k\000\051}{subsection.3.18.2}% 70
\BOOKMARK [1][-]{section.3.19}{\376\377\0003\000.\0001\0009\000\040\000c\000o\000m\000.\000l\000a\000s\000a\000r\000o\000b\000o\000t\000i\000c\000s\000.\000l\000i\000b\000r\000a\000r\000y\000.\000m\000o\000n\000k\000e\000y\000c\000.\000M\000o\000n\000k\000e\000y\000C\000\040\000C\000l\000a\000s\000s\000\040\000R\000e\000f\000e\000r\000e\000n\000c\000e}{chapter.3}% 71
\BOOKMARK [2][-]{subsection.3.19.1}{\376\377\0003\000.\0001\0009\000.\0001\000\040\000D\000e\000t\000a\000i\000l\000e\000d\000\040\000D\000e\000s\000c\000r\000i\000p\000t\000i\000o\000n}{section.3.19}% 72
\BOOKMARK [1][-]{section.3.20}{\376\377\0003\000.\0002\0000\000\040\000c\000o\000m\000.\000l\000a\000s\000a\000r\000o\000b\000o\000t\000i\000c\000s\000.\000l\000i\000b\000r\000a\000r\000y\000.\000m\000o\000n\000k\000e\000y\000c\000.\000M\000o\000n\000k\000e\000y\000D\000a\000t\000a\000\040\000C\000l\000a\000s\000s\000\040\000R\000e\000f\000e\000r\000e\000n\000c\000e}{chapter.3}% 73
\BOOKMARK [2][-]{subsection.3.20.1}{\376\377\0003\000.\0002\0000\000.\0001\000\040\000D\000e\000t\000a\000i\000l\000e\000d\000\040\000D\000e\000s\000c\000r\000i\000p\000t\000i\000o\000n}{section.3.20}% 74
\BOOKMARK [1][-]{section.3.21}{\376\377\0003\000.\0002\0001\000\040\000c\000o\000m\000.\000l\000a\000s\000a\000r\000o\000b\000o\000t\000i\000c\000s\000.\000l\000i\000b\000r\000a\000r\000y\000.\000m\000o\000n\000k\000e\000y\000c\000.\000M\000o\000n\000k\000e\000y\000D\000o\000\040\000C\000l\000a\000s\000s\000\040\000R\000e\000f\000e\000r\000e\000n\000c\000e}{chapter.3}% 75
\BOOKMARK [2][-]{subsection.3.21.1}{\376\377\0003\000.\0002\0001\000.\0001\000\040\000D\000e\000t\000a\000i\000l\000e\000d\000\040\000D\000e\000s\000c\000r\000i\000p\000t\000i\000o\000n}{section.3.21}% 76
\BOOKMARK [1][-]{section.3.22}{\376\377\0003\000.\0002\0002\000\040\000c\000o\000m\000.\000l\000a\000s\000a\000r\000o\000b\000o\000t\000i\000c\000s\000.\000l\000i\000b\000r\000a\000r\000y\000.\000m\000o\000n\000k\000e\000y\000c\000.\000M\000o\000n\000k\000e\000y\000U\000t\000i\000l\000\040\000C\000l\000a\000s\000s\000\040\000R\000e\000f\000e\000r\000e\000n\000c\000e}{chapter.3}% 77
\BOOKMARK [2][-]{subsection.3.22.1}{\376\377\0003\000.\0002\0002\000.\0001\000\040\000D\000e\000t\000a\000i\000l\000e\000d\000\040\000D\000e\000s\000c\000r\000i\000p\000t\000i\000o\000n}{section.3.22}% 78
\BOOKMARK [1][-]{section.3.23}{\376\377\0003\000.\0002\0003\000\040\000c\000o\000m\000.\000l\000a\000s\000a\000r\000o\000b\000o\000t\000i\000c\000s\000.\000l\000i\000b\000r\000a\000r\000y\000.\000d\000o\000o\000d\000l\000e\000.\000a\000c\000t\000i\000o\000n\000s\000.\000s\000e\000n\000s\000o\000r\000s\000.\000M\000o\000t\000o\000r\000E\000n\000c\000o\000d\000e\000r\000R\000e\000s\000e\000t\000\040\000C\000l\000a\000s\000s\000\040\000R\000e\000f\000e\000r\000e\000n\000c\000e}{chapter.3}% 79
\BOOKMARK [2][-]{subsection.3.23.1}{\376\377\0003\000.\0002\0003\000.\0001\000\040\000D\000e\000t\000a\000i\000l\000e\000d\000\040\000D\000e\000s\000c\000r\000i\000p\000t\000i\000o\000n}{section.3.23}% 80
\BOOKMARK [1][-]{section.3.24}{\376\377\0003\000.\0002\0004\000\040\000c\000o\000m\000.\000l\000a\000s\000a\000r\000o\000b\000o\000t\000i\000c\000s\000.\000l\000i\000b\000r\000a\000r\000y\000.\000d\000o\000o\000d\000l\000e\000.\000D\000o\000o\000d\000l\000e\000M\000a\000p\000.\000M\000o\000t\000o\000r\000F\000l\000a\000g\000s\000\040\000E\000n\000u\000m\000\040\000R\000e\000f\000e\000r\000e\000n\000c\000e}{chapter.3}% 81
\BOOKMARK [1][-]{section.3.25}{\376\377\0003\000.\0002\0005\000\040\000c\000o\000m\000.\000l\000a\000s\000a\000r\000o\000b\000o\000t\000i\000c\000s\000.\000l\000i\000b\000r\000a\000r\000y\000.\000d\000o\000o\000d\000l\000e\000.\000a\000c\000t\000i\000o\000n\000s\000.\000M\000o\000t\000o\000r\000M\000o\000v\000e\000\040\000C\000l\000a\000s\000s\000\040\000R\000e\000f\000e\000r\000e\000n\000c\000e}{chapter.3}% 82
\BOOKMARK [2][-]{subsection.3.25.1}{\376\377\0003\000.\0002\0005\000.\0001\000\040\000D\000e\000t\000a\000i\000l\000e\000d\000\040\000D\000e\000s\000c\000r\000i\000p\000t\000i\000o\000n}{section.3.25}% 83
\BOOKMARK [1][-]{section.3.26}{\376\377\0003\000.\0002\0006\000\040\000c\000o\000m\000.\000l\000a\000s\000a\000r\000o\000b\000o\000t\000i\000c\000s\000.\000l\000i\000b\000r\000a\000r\000y\000.\000d\000o\000o\000d\000l\000e\000.\000a\000c\000t\000i\000o\000n\000s\000.\000N\000o\000O\000p\000e\000r\000a\000t\000i\000o\000n\000\040\000C\000l\000a\000s\000s\000\040\000R\000e\000f\000e\000r\000e\000n\000c\000e}{chapter.3}% 84
\BOOKMARK [2][-]{subsection.3.26.1}{\376\377\0003\000.\0002\0006\000.\0001\000\040\000D\000e\000t\000a\000i\000l\000e\000d\000\040\000D\000e\000s\000c\000r\000i\000p\000t\000i\000o\000n}{section.3.26}% 85
\BOOKMARK [1][-]{section.3.27}{\376\377\0003\000.\0002\0007\000\040\000c\000o\000m\000.\000l\000a\000s\000a\000r\000o\000b\000o\000t\000i\000c\000s\000.\000l\000i\000b\000r\000a\000r\000y\000.\000s\000e\000n\000s\000o\000r\000.\000m\000o\000d\000e\000r\000n\000r\000o\000b\000o\000t\000i\000c\000s\000.\000O\000p\000t\000i\000c\000a\000l\000D\000i\000s\000t\000a\000n\000c\000e\000\040\000C\000l\000a\000s\000s\000\040\000R\000e\000f\000e\000r\000e\000n\000c\000e}{chapter.3}% 86
\BOOKMARK [2][-]{subsection.3.27.1}{\376\377\0003\000.\0002\0007\000.\0001\000\040\000D\000e\000t\000a\000i\000l\000e\000d\000\040\000D\000e\000s\000c\000r\000i\000p\000t\000i\000o\000n}{section.3.27}% 87
\BOOKMARK [2][-]{subsection.3.27.2}{\376\377\0003\000.\0002\0007\000.\0002\000\040\000M\000e\000m\000b\000e\000r\000\040\000F\000u\000n\000c\000t\000i\000o\000n\000\040\000D\000o\000c\000u\000m\000e\000n\000t\000a\000t\000i\000o\000n}{section.3.27}% 88
\BOOKMARK [3][-]{subsubsection.3.27.2.1}{\376\377\0003\000.\0002\0007\000.\0002\000.\0001\000\040\000g\000e\000t\000D\000i\000s\000t\000a\000n\000c\000e\000\050\000\051}{subsection.3.27.2}% 89
\BOOKMARK [3][-]{subsubsection.3.27.2.2}{\376\377\0003\000.\0002\0007\000.\0002\000.\0002\000\040\000g\000e\000t\000L\000i\000g\000h\000t\000D\000e\000t\000e\000c\000t\000e\000d\000\050\000\051}{subsection.3.27.2}% 90
\BOOKMARK [3][-]{subsubsection.3.27.2.3}{\376\377\0003\000.\0002\0007\000.\0002\000.\0003\000\040\000o\000b\000j\000e\000c\000t\000C\000l\000o\000s\000e\000\050\000\051}{subsection.3.27.2}% 91
\BOOKMARK [3][-]{subsubsection.3.27.2.4}{\376\377\0003\000.\0002\0007\000.\0002\000.\0004\000\040\000o\000b\000j\000e\000c\000t\000D\000e\000t\000e\000c\000t\000e\000d\000\050\000\051}{subsection.3.27.2}% 92
\BOOKMARK [3][-]{subsubsection.3.27.2.5}{\376\377\0003\000.\0002\0007\000.\0002\000.\0005\000\040\000o\000b\000j\000e\000c\000t\000N\000e\000a\000r\000\050\000\051}{subsection.3.27.2}% 93
\BOOKMARK [1][-]{section.3.28}{\376\377\0003\000.\0002\0008\000\040\000c\000o\000m\000.\000l\000a\000s\000a\000r\000o\000b\000o\000t\000i\000c\000s\000.\000l\000i\000b\000r\000a\000r\000y\000.\000d\000o\000o\000d\000l\000e\000.\000m\000a\000p\000s\000.\000D\000o\000o\000d\000l\000e\000M\000a\000p\000.\000R\000a\000n\000g\000e\000O\000f\000M\000o\000t\000i\000o\000n\000\040\000E\000n\000u\000m\000\040\000R\000e\000f\000e\000r\000e\000n\000c\000e}{chapter.3}% 94
\BOOKMARK [1][-]{section.3.29}{\376\377\0003\000.\0002\0009\000\040\000c\000o\000m\000.\000l\000a\000s\000a\000r\000o\000b\000o\000t\000i\000c\000s\000.\000l\000i\000b\000r\000a\000r\000y\000.\000u\000t\000i\000l\000.\000R\000o\000l\000l\000i\000n\000g\000A\000v\000e\000r\000a\000g\000e\000<\000\040\000T\000\040\000e\000x\000t\000e\000n\000d\000s\000\040\000N\000u\000m\000b\000e\000r\000\040\000>\000\040\000C\000l\000a\000s\000s\000\040\000T\000e\000m\000p\000l\000a\000t\000e\000\040\000R\000e\000f\000e\000r\000e\000n\000c\000e}{chapter.3}% 95
\BOOKMARK [2][-]{subsection.3.29.1}{\376\377\0003\000.\0002\0009\000.\0001\000\040\000D\000e\000t\000a\000i\000l\000e\000d\000\040\000D\000e\000s\000c\000r\000i\000p\000t\000i\000o\000n}{section.3.29}% 96
\BOOKMARK [1][-]{section.3.30}{\376\377\0003\000.\0003\0000\000\040\000c\000o\000m\000.\000l\000a\000s\000a\000r\000o\000b\000o\000t\000i\000c\000s\000.\000l\000i\000b\000r\000a\000r\000y\000.\000s\000e\000n\000s\000o\000r\000.\000a\000n\000d\000r\000o\000i\000d\000.\000S\000e\000n\000s\000o\000r\000s\000\040\000C\000l\000a\000s\000s\000\040\000R\000e\000f\000e\000r\000e\000n\000c\000e}{chapter.3}% 97
\BOOKMARK [2][-]{subsection.3.30.1}{\376\377\0003\000.\0003\0000\000.\0001\000\040\000D\000e\000t\000a\000i\000l\000e\000d\000\040\000D\000e\000s\000c\000r\000i\000p\000t\000i\000o\000n}{section.3.30}% 98
\BOOKMARK [1][-]{section.3.31}{\376\377\0003\000.\0003\0001\000\040\000c\000o\000m\000.\000l\000a\000s\000a\000r\000o\000b\000o\000t\000i\000c\000s\000.\000l\000i\000b\000r\000a\000r\000y\000.\000d\000r\000i\000v\000e\000.\000S\000w\000e\000r\000v\000e\000\040\000C\000l\000a\000s\000s\000\040\000R\000e\000f\000e\000r\000e\000n\000c\000e}{chapter.3}% 99
\BOOKMARK [2][-]{subsection.3.31.1}{\376\377\0003\000.\0003\0001\000.\0001\000\040\000D\000e\000t\000a\000i\000l\000e\000d\000\040\000D\000e\000s\000c\000r\000i\000p\000t\000i\000o\000n}{section.3.31}% 100
\BOOKMARK [2][-]{subsection.3.31.2}{\376\377\0003\000.\0003\0001\000.\0002\000\040\000M\000e\000m\000b\000e\000r\000\040\000F\000u\000n\000c\000t\000i\000o\000n\000\040\000D\000o\000c\000u\000m\000e\000n\000t\000a\000t\000i\000o\000n}{section.3.31}% 101
\BOOKMARK [3][-]{subsubsection.3.31.2.1}{\376\377\0003\000.\0003\0001\000.\0002\000.\0001\000\040\000S\000t\000a\000n\000d\000a\000r\000d\000\050\000d\000o\000u\000b\000l\000e\000\040\000y\000,\000\040\000d\000o\000u\000b\000l\000e\000\040\000x\000,\000\040\000d\000o\000u\000b\000l\000e\000\040\000r\000o\000t\000,\000\040\000d\000o\000u\000b\000l\000e\000\040\000g\000y\000r\000o\000h\000e\000a\000d\000i\000n\000g\000,\000\040\000D\000c\000M\000o\000t\000o\000r\000\040\000l\000e\000f\000t\000F\000r\000o\000n\000t\000,\000\040\000D\000c\000M\000o\000t\000o\000r\000\040\000r\000i\000g\000h\000t\000F\000r\000o\000n\000t\000,\000\040\000D\000c\000M\000o\000t\000o\000r\000\040\000l\000e\000f\000t\000B\000a\000c\000k\000,\000\040\000D\000c\000M\000o\000t\000o\000r\000\040\000r\000i\000g\000h\000t\000B\000a\000c\000k\000,\000\040\000S\000e\000r\000v\000o\000\040\000l\000f\000,\000\040\000S\000e\000r\000v\000o\000\040\000r\000f\000,\000\040\000S\000e\000r\000v\000o\000\040\000l\000b\000,\000\040\000S\000e\000r\000v\000o\000\040\000r\000b\000\051}{subsection.3.31.2}% 102
\BOOKMARK [1][-]{section.3.32}{\376\377\0003\000.\0003\0002\000\040\000c\000o\000m\000.\000l\000a\000s\000a\000r\000o\000b\000o\000t\000i\000c\000s\000.\000l\000i\000b\000r\000a\000r\000y\000.\000d\000r\000i\000v\000e\000.\000T\000a\000n\000k\000\040\000C\000l\000a\000s\000s\000\040\000R\000e\000f\000e\000r\000e\000n\000c\000e}{chapter.3}% 103
\BOOKMARK [2][-]{subsection.3.32.1}{\376\377\0003\000.\0003\0002\000.\0001\000\040\000D\000e\000t\000a\000i\000l\000e\000d\000\040\000D\000e\000s\000c\000r\000i\000p\000t\000i\000o\000n}{section.3.32}% 104
\BOOKMARK [2][-]{subsection.3.32.2}{\376\377\0003\000.\0003\0002\000.\0002\000\040\000M\000e\000m\000b\000e\000r\000\040\000F\000u\000n\000c\000t\000i\000o\000n\000\040\000D\000o\000c\000u\000m\000e\000n\000t\000a\000t\000i\000o\000n}{section.3.32}% 105
\BOOKMARK [3][-]{subsubsection.3.32.2.1}{\376\377\0003\000.\0003\0002\000.\0002\000.\0001\000\040\000M\000o\000t\000o\000r\0002\000\050\000D\000c\000M\000o\000t\000o\000r\000\040\000l\000e\000f\000t\000,\000\040\000D\000c\000M\000o\000t\000o\000r\000\040\000r\000i\000g\000h\000t\000,\000\040\000d\000o\000u\000b\000l\000e\000\040\000l\000e\000f\000t\000V\000a\000l\000u\000e\000,\000\040\000d\000o\000u\000b\000l\000e\000\040\000r\000i\000g\000h\000t\000V\000a\000l\000u\000e\000\051}{subsection.3.32.2}% 106
\BOOKMARK [3][-]{subsubsection.3.32.2.2}{\376\377\0003\000.\0003\0002\000.\0002\000.\0002\000\040\000M\000o\000t\000o\000r\0004\000\050\000D\000c\000M\000o\000t\000o\000r\000\040\000l\000e\000f\000t\000F\000r\000o\000n\000t\000,\000\040\000D\000c\000M\000o\000t\000o\000r\000\040\000r\000i\000g\000h\000t\000F\000r\000o\000n\000t\000,\000\040\000D\000c\000M\000o\000t\000o\000r\000\040\000l\000e\000f\000t\000B\000a\000c\000k\000,\000\040\000D\000c\000M\000o\000t\000o\000r\000\040\000r\000i\000g\000h\000t\000B\000a\000c\000k\000,\000\040\000d\000o\000u\000b\000l\000e\000\040\000l\000e\000f\000t\000V\000a\000l\000u\000e\000,\000\040\000d\000o\000u\000b\000l\000e\000\040\000r\000i\000g\000h\000t\000V\000a\000l\000u\000e\000\051}{subsection.3.32.2}% 107
\BOOKMARK [1][-]{section.3.33}{\376\377\0003\000.\0003\0003\000\040\000c\000o\000m\000.\000l\000a\000s\000a\000r\000o\000b\000o\000t\000i\000c\000s\000.\000l\000i\000b\000r\000a\000r\000y\000.\000u\000t\000i\000l\000.\000T\000i\000m\000e\000r\000s\000\040\000C\000l\000a\000s\000s\000\040\000R\000e\000f\000e\000r\000e\000n\000c\000e}{chapter.3}% 108
\BOOKMARK [2][-]{subsection.3.33.1}{\376\377\0003\000.\0003\0003\000.\0001\000\040\000D\000e\000t\000a\000i\000l\000e\000d\000\040\000D\000e\000s\000c\000r\000i\000p\000t\000i\000o\000n}{section.3.33}% 109
\BOOKMARK [2][-]{subsection.3.33.2}{\376\377\0003\000.\0003\0003\000.\0002\000\040\000C\000o\000n\000s\000t\000r\000u\000c\000t\000o\000r\000\040\000\046\000\040\000D\000e\000s\000t\000r\000u\000c\000t\000o\000r\000\040\000D\000o\000c\000u\000m\000e\000n\000t\000a\000t\000i\000o\000n}{section.3.33}% 110
\BOOKMARK [3][-]{subsubsection.3.33.2.1}{\376\377\0003\000.\0003\0003\000.\0002\000.\0001\000\040\000T\000i\000m\000e\000r\000s\000\050\000\051}{subsection.3.33.2}% 111
\BOOKMARK [3][-]{subsubsection.3.33.2.2}{\376\377\0003\000.\0003\0003\000.\0002\000.\0002\000\040\000T\000i\000m\000e\000r\000s\000\050\000i\000n\000t\000\040\000p\000r\000e\000c\000i\000s\000i\000o\000n\000\051}{subsection.3.33.2}% 112
\BOOKMARK [2][-]{subsection.3.33.3}{\376\377\0003\000.\0003\0003\000.\0003\000\040\000M\000e\000m\000b\000e\000r\000\040\000F\000u\000n\000c\000t\000i\000o\000n\000\040\000D\000o\000c\000u\000m\000e\000n\000t\000a\000t\000i\000o\000n}{section.3.33}% 113
\BOOKMARK [3][-]{subsubsection.3.33.3.1}{\376\377\0003\000.\0003\0003\000.\0003\000.\0001\000\040\000g\000e\000t\000C\000l\000o\000c\000k\000V\000a\000l\000u\000e\000\050\000S\000t\000r\000i\000n\000g\000\040\000n\000a\000m\000e\000\051}{subsection.3.33.3}% 114
\BOOKMARK [3][-]{subsubsection.3.33.3.2}{\376\377\0003\000.\0003\0003\000.\0003\000.\0002\000\040\000g\000e\000t\000C\000l\000o\000c\000k\000V\000a\000l\000u\000e\000\050\000S\000t\000r\000i\000n\000g\000\040\000n\000a\000m\000e\000,\000\040\000T\000i\000m\000e\000U\000n\000i\000t\000\040\000t\000i\000m\000e\000U\000n\000i\000t\000\051}{subsection.3.33.3}% 115
\BOOKMARK [3][-]{subsubsection.3.33.3.3}{\376\377\0003\000.\0003\0003\000.\0003\000.\0003\000\040\000g\000e\000t\000P\000r\000e\000c\000i\000s\000i\000o\000n\000\050\000\051}{subsection.3.33.3}% 116
\BOOKMARK [3][-]{subsubsection.3.33.3.4}{\376\377\0003\000.\0003\0003\000.\0003\000.\0004\000\040\000i\000s\000A\000t\000T\000a\000r\000g\000e\000t\000M\000i\000l\000l\000i\000s\000\050\000S\000t\000r\000i\000n\000g\000\040\000n\000a\000m\000e\000,\000\040\000l\000o\000n\000g\000\040\000t\000a\000r\000g\000e\000t\000\051}{subsection.3.33.3}% 117
\BOOKMARK [3][-]{subsubsection.3.33.3.5}{\376\377\0003\000.\0003\0003\000.\0003\000.\0005\000\040\000i\000s\000A\000t\000T\000a\000r\000g\000e\000t\000M\000i\000l\000l\000i\000s\000\050\000S\000t\000r\000i\000n\000g\000\040\000n\000a\000m\000e\000,\000\040\000l\000o\000n\000g\000\040\000t\000a\000r\000g\000e\000t\000,\000\040\000l\000o\000n\000g\000\040\000p\000r\000e\000c\000i\000s\000i\000o\000n\000\051}{subsection.3.33.3}% 118
\BOOKMARK [3][-]{subsubsection.3.33.3.6}{\376\377\0003\000.\0003\0003\000.\0003\000.\0006\000\040\000r\000e\000s\000e\000t\000C\000l\000o\000c\000k\000\050\000S\000t\000r\000i\000n\000g\000\040\000n\000a\000m\000e\000\051}{subsection.3.33.3}% 119
\BOOKMARK [3][-]{subsubsection.3.33.3.7}{\376\377\0003\000.\0003\0003\000.\0003\000.\0007\000\040\000s\000e\000t\000P\000r\000e\000c\000i\000s\000i\000o\000n\000\050\000i\000n\000t\000\040\000p\000r\000e\000c\000i\000s\000i\000o\000n\000\051}{subsection.3.33.3}% 120
\BOOKMARK [3][-]{subsubsection.3.33.3.8}{\376\377\0003\000.\0003\0003\000.\0003\000.\0008\000\040\000s\000t\000a\000r\000t\000C\000l\000o\000c\000k\000\050\000S\000t\000r\000i\000n\000g\000\040\000n\000a\000m\000e\000\051}{subsection.3.33.3}% 121
\BOOKMARK [1][-]{section.3.34}{\376\377\0003\000.\0003\0004\000\040\000c\000o\000m\000.\000l\000a\000s\000a\000r\000o\000b\000o\000t\000i\000c\000s\000.\000l\000i\000b\000r\000a\000r\000y\000.\000s\000e\000n\000s\000o\000r\000.\000l\000e\000g\000a\000c\000y\000.\000l\000e\000g\000o\000.\000T\000o\000u\000c\000h\000\040\000C\000l\000a\000s\000s\000\040\000R\000e\000f\000e\000r\000e\000n\000c\000e}{chapter.3}% 122
\BOOKMARK [2][-]{subsection.3.34.1}{\376\377\0003\000.\0003\0004\000.\0001\000\040\000D\000e\000t\000a\000i\000l\000e\000d\000\040\000D\000e\000s\000c\000r\000i\000p\000t\000i\000o\000n}{section.3.34}% 123
\BOOKMARK [2][-]{subsection.3.34.2}{\376\377\0003\000.\0003\0004\000.\0002\000\040\000M\000e\000m\000b\000e\000r\000\040\000F\000u\000n\000c\000t\000i\000o\000n\000\040\000D\000o\000c\000u\000m\000e\000n\000t\000a\000t\000i\000o\000n}{section.3.34}% 124
\BOOKMARK [3][-]{subsubsection.3.34.2.1}{\376\377\0003\000.\0003\0004\000.\0002\000.\0001\000\040\000g\000e\000t\000S\000t\000a\000t\000e\000\050\000\051}{subsection.3.34.2}% 125
\BOOKMARK [3][-]{subsubsection.3.34.2.2}{\376\377\0003\000.\0003\0004\000.\0002\000.\0002\000\040\000i\000s\000H\000e\000l\000d\000D\000o\000w\000n\000\050\000\051}{subsection.3.34.2}% 126
\BOOKMARK [3][-]{subsubsection.3.34.2.3}{\376\377\0003\000.\0003\0004\000.\0002\000.\0003\000\040\000i\000s\000P\000r\000e\000s\000s\000e\000d\000\050\000\051}{subsection.3.34.2}% 127
\BOOKMARK [3][-]{subsubsection.3.34.2.4}{\376\377\0003\000.\0003\0004\000.\0002\000.\0004\000\040\000i\000s\000R\000e\000l\000e\000a\000s\000e\000d\000\050\000\051}{subsection.3.34.2}% 128
\BOOKMARK [3][-]{subsubsection.3.34.2.5}{\376\377\0003\000.\0003\0004\000.\0002\000.\0005\000\040\000u\000p\000d\000a\000t\000e\000\050\000\051}{subsection.3.34.2}% 129
\BOOKMARK [1][-]{section.3.35}{\376\377\0003\000.\0003\0005\000\040\000c\000o\000m\000.\000l\000a\000s\000a\000r\000o\000b\000o\000t\000i\000c\000s\000.\000l\000i\000b\000r\000a\000r\000y\000.\000s\000e\000n\000s\000o\000r\000.\000m\000o\000d\000e\000r\000n\000r\000o\000b\000o\000t\000i\000c\000s\000.\000T\000o\000u\000c\000h\000\040\000C\000l\000a\000s\000s\000\040\000R\000e\000f\000e\000r\000e\000n\000c\000e}{chapter.3}% 130
\BOOKMARK [2][-]{subsection.3.35.1}{\376\377\0003\000.\0003\0005\000.\0001\000\040\000D\000e\000t\000a\000i\000l\000e\000d\000\040\000D\000e\000s\000c\000r\000i\000p\000t\000i\000o\000n}{section.3.35}% 131
\BOOKMARK [2][-]{subsection.3.35.2}{\376\377\0003\000.\0003\0005\000.\0002\000\040\000M\000e\000m\000b\000e\000r\000\040\000F\000u\000n\000c\000t\000i\000o\000n\000\040\000D\000o\000c\000u\000m\000e\000n\000t\000a\000t\000i\000o\000n}{section.3.35}% 132
\BOOKMARK [3][-]{subsubsection.3.35.2.1}{\376\377\0003\000.\0003\0005\000.\0002\000.\0001\000\040\000g\000e\000t\000S\000t\000a\000t\000e\000\050\000\051}{subsection.3.35.2}% 133
\BOOKMARK [3][-]{subsubsection.3.35.2.2}{\376\377\0003\000.\0003\0005\000.\0002\000.\0002\000\040\000i\000s\000H\000e\000l\000d\000D\000o\000w\000n\000\050\000\051}{subsection.3.35.2}% 134
\BOOKMARK [3][-]{subsubsection.3.35.2.3}{\376\377\0003\000.\0003\0005\000.\0002\000.\0003\000\040\000i\000s\000P\000r\000e\000s\000s\000e\000d\000\050\000\051}{subsection.3.35.2}% 135
\BOOKMARK [3][-]{subsubsection.3.35.2.4}{\376\377\0003\000.\0003\0005\000.\0002\000.\0004\000\040\000i\000s\000R\000e\000l\000e\000a\000s\000e\000d\000\050\000\051}{subsection.3.35.2}% 136
\BOOKMARK [3][-]{subsubsection.3.35.2.5}{\376\377\0003\000.\0003\0005\000.\0002\000.\0005\000\040\000u\000p\000d\000a\000t\000e\000\050\000T\000o\000u\000c\000h\000S\000e\000n\000s\000o\000r\000\040\000t\000\051}{subsection.3.35.2}% 137
\BOOKMARK [1][-]{section.3.36}{\376\377\0003\000.\0003\0006\000\040\000c\000o\000m\000.\000l\000a\000s\000a\000r\000o\000b\000o\000t\000i\000c\000s\000.\000l\000i\000b\000r\000a\000r\000y\000.\000s\000e\000n\000s\000o\000r\000.\000l\000e\000g\000a\000c\000y\000.\000l\000e\000g\000o\000.\000U\000l\000t\000r\000a\000s\000o\000n\000i\000c\000\040\000C\000l\000a\000s\000s\000\040\000R\000e\000f\000e\000r\000e\000n\000c\000e}{chapter.3}% 138
\BOOKMARK [2][-]{subsection.3.36.1}{\376\377\0003\000.\0003\0006\000.\0001\000\040\000D\000e\000t\000a\000i\000l\000e\000d\000\040\000D\000e\000s\000c\000r\000i\000p\000t\000i\000o\000n}{section.3.36}% 139
\BOOKMARK [1][-]{section.3.37}{\376\377\0003\000.\0003\0007\000\040\000c\000o\000m\000.\000l\000a\000s\000a\000r\000o\000b\000o\000t\000i\000c\000s\000.\000l\000i\000b\000r\000a\000r\000y\000.\000a\000n\000d\000r\000o\000i\000d\000.\000U\000t\000i\000l\000\040\000C\000l\000a\000s\000s\000\040\000R\000e\000f\000e\000r\000e\000n\000c\000e}{chapter.3}% 140
\BOOKMARK [2][-]{subsection.3.37.1}{\376\377\0003\000.\0003\0007\000.\0001\000\040\000D\000e\000t\000a\000i\000l\000e\000d\000\040\000D\000e\000s\000c\000r\000i\000p\000t\000i\000o\000n}{section.3.37}% 141
\BOOKMARK [1][-]{section.3.38}{\376\377\0003\000.\0003\0008\000\040\000c\000o\000m\000.\000l\000a\000s\000a\000r\000o\000b\000o\000t\000i\000c\000s\000.\000l\000i\000b\000r\000a\000r\000y\000.\000u\000t\000i\000l\000.\000V\000e\000c\000t\000o\000r\0003\000<\000\040\000T\000\040\000>\000\040\000C\000l\000a\000s\000s\000\040\000T\000e\000m\000p\000l\000a\000t\000e\000\040\000R\000e\000f\000e\000r\000e\000n\000c\000e}{chapter.3}% 142
\BOOKMARK [2][-]{subsection.3.38.1}{\376\377\0003\000.\0003\0008\000.\0001\000\040\000D\000e\000t\000a\000i\000l\000e\000d\000\040\000D\000e\000s\000c\000r\000i\000p\000t\000i\000o\000n}{section.3.38}% 143
\BOOKMARK [1][-]{section.3.39}{\376\377\0003\000.\0003\0009\000\040\000c\000o\000m\000.\000l\000a\000s\000a\000r\000o\000b\000o\000t\000i\000c\000s\000.\000l\000i\000b\000r\000a\000r\000y\000.\000s\000e\000n\000s\000o\000r\000.\000m\000o\000d\000e\000r\000n\000r\000o\000b\000o\000t\000i\000c\000s\000.\000V\000o\000l\000t\000a\000g\000e\000\040\000C\000l\000a\000s\000s\000\040\000R\000e\000f\000e\000r\000e\000n\000c\000e}{chapter.3}% 144
\BOOKMARK [2][-]{subsection.3.39.1}{\376\377\0003\000.\0003\0009\000.\0001\000\040\000D\000e\000t\000a\000i\000l\000e\000d\000\040\000D\000e\000s\000c\000r\000i\000p\000t\000i\000o\000n}{section.3.39}% 145
\BOOKMARK [1][-]{section.3.40}{\376\377\0003\000.\0004\0000\000\040\000c\000o\000m\000.\000l\000a\000s\000a\000r\000o\000b\000o\000t\000i\000c\000s\000.\000l\000i\000b\000r\000a\000r\000y\000.\000d\000o\000o\000d\000l\000e\000.\000a\000c\000t\000i\000o\000n\000s\000.\000w\000a\000i\000t\000.\000W\000a\000i\000t\000F\000o\000r\000e\000v\000e\000r\000\040\000C\000l\000a\000s\000s\000\040\000R\000e\000f\000e\000r\000e\000n\000c\000e}{chapter.3}% 146
\BOOKMARK [2][-]{subsection.3.40.1}{\376\377\0003\000.\0004\0000\000.\0001\000\040\000D\000e\000t\000a\000i\000l\000e\000d\000\040\000D\000e\000s\000c\000r\000i\000p\000t\000i\000o\000n}{section.3.40}% 147
\BOOKMARK [1][-]{section.3.41}{\376\377\0003\000.\0004\0001\000\040\000c\000o\000m\000.\000l\000a\000s\000a\000r\000o\000b\000o\000t\000i\000c\000s\000.\000l\000i\000b\000r\000a\000r\000y\000.\000d\000o\000o\000d\000l\000e\000.\000a\000c\000t\000i\000o\000n\000s\000.\000w\000a\000i\000t\000.\000W\000a\000i\000t\000T\000i\000m\000e\000\040\000C\000l\000a\000s\000s\000\040\000R\000e\000f\000e\000r\000e\000n\000c\000e}{chapter.3}% 148
\BOOKMARK [2][-]{subsection.3.41.1}{\376\377\0003\000.\0004\0001\000.\0001\000\040\000D\000e\000t\000a\000i\000l\000e\000d\000\040\000D\000e\000s\000c\000r\000i\000p\000t\000i\000o\000n}{section.3.41}% 149
\BOOKMARK [0][-]{section*.50}{\376\377\000I\000n\000d\000e\000x}{}% 150
